<?xml version="1.0" encoding="UTF-8"?>
<testsuite xmlns:xsi="http://www.w3.org/2001/XMLSchema-instance" xsi:noNamespaceSchemaLocation="https://maven.apache.org/surefire/maven-surefire-plugin/xsd/surefire-test-report.xsd" version="3.0.2" name="uz.khakimjanovich.homework.HomeworkServiceTest" time="2.022" tests="3" errors="0" skipped="0" failures="0" flakes="0">
  <properties>
[...]
</properties>
  <testcase name="reusesUserForCliSessionByUsername" classname="uz.khakimjanovich.homework.HomeworkServiceTest" time="0.352">
    <system-out><![CDATA[15:08:56.395 [main] INFO org.springframework.test.context.support.AnnotationConfigContextLoaderUtils -- Could not detect default configuration classes for test class [uz.khakimjanovich.homework.HomeworkServiceTest]: HomeworkServiceTest does not declare any static, non-private, non-final, nested classes annotated with @Configuration.
15:08:56.433 [main] INFO org.springframework.boot.test.context.SpringBootTestContextBootstrapper -- Found @SpringBootConfiguration uz.khakimjanovich.homework.HomeworkApiApplication for test class uz.khakimjanovich.homework.HomeworkServiceTest

  .   ____          _            __ _ _
 /\\ / ___'_ __ _ _(_)_ __  __ _ \ \ \ \
( ( )\___ | '_ | '_| | '_ \/ _` | \ \ \ \
 \\/  ___)| |_)| | | | | || (_| |  ) ) ) )
  '  |____| .__|_| |_|_| |_\__, | / / / /
 =========|_|==============|___/=/_/_/_/

 :: Spring Boot ::               (v3.5.14)

2026-05-13T15:08:56.605+05:00  INFO 18777 --- [java-core-homework] [           main] u.k.homework.HomeworkServiceTest         : Starting HomeworkServiceTest using Java 24.0.1 with PID 18777 (started by khakimjanovich in /Users/khakimjanovich/Documents/java/laravel_to_spring/MILESTONE1/java-core-homework)
2026-05-13T15:08:56.606+05:00  INFO 18777 --- [java-core-homework] [           main] u.k.homework.HomeworkServiceTest         : The following 1 profile is active: "test"
2026-05-13T15:08:56.811+05:00  INFO 18777 --- [java-core-homework] [           main] .s.d.r.c.RepositoryConfigurationDelegate : Bootstrapping Spring Data JPA repositories in DEFAULT mode.
2026-05-13T15:08:56.832+05:00  INFO 18777 --- [java-core-homework] [           main] .s.d.r.c.RepositoryConfigurationDelegate : Finished Spring Data repository scanning in 17 ms. Found 3 JPA repository interfaces.
2026-05-13T15:08:56.961+05:00  INFO 18777 --- [java-core-homework] [           main] o.hibernate.jpa.internal.util.LogHelper  : HHH000204: Processing PersistenceUnitInfo [name: default]
2026-05-13T15:08:56.977+05:00  INFO 18777 --- [java-core-homework] [           main] org.hibernate.Version                    : HHH000412: Hibernate ORM core version 6.6.49.Final
2026-05-13T15:08:56.987+05:00  INFO 18777 --- [java-core-homework] [           main] o.h.c.internal.RegionFactoryInitiator    : HHH000026: Second-level cache disabled
2026-05-13T15:08:57.094+05:00  INFO 18777 --- [java-core-homework] [           main] o.s.o.j.p.SpringPersistenceUnitInfo      : No LoadTimeWeaver setup: ignoring JPA class transformer
2026-05-13T15:08:57.103+05:00  INFO 18777 --- [java-core-homework] [           main] com.zaxxer.hikari.HikariDataSource       : HikariPool-1 - Starting...
2026-05-13T15:08:57.162+05:00  INFO 18777 --- [java-core-homework] [           main] com.zaxxer.hikari.pool.HikariPool        : HikariPool-1 - Added connection conn0: url=jdbc:h2:mem:java_core_homework_test user=SA
2026-05-13T15:08:57.162+05:00  INFO 18777 --- [java-core-homework] [           main] com.zaxxer.hikari.HikariDataSource       : HikariPool-1 - Start completed.
2026-05-13T15:08:57.184+05:00  INFO 18777 --- [java-core-homework] [           main] org.hibernate.orm.connections.pooling    : HHH10001005: Database info:
	Database JDBC URL [Connecting through datasource 'HikariDataSource (HikariPool-1)']
	Database driver: undefined/unknown
	Database version: 2.3.232
	Autocommit mode: undefined/unknown
	Isolation level: undefined/unknown
	Minimum pool size: undefined/unknown
	Maximum pool size: undefined/unknown
2026-05-13T15:08:57.541+05:00  INFO 18777 --- [java-core-homework] [           main] o.h.e.t.j.p.i.JtaPlatformInitiator       : HHH000489: No JTA platform available (set 'hibernate.transaction.jta.platform' to enable JTA platform integration)
2026-05-13T15:08:57.565+05:00  INFO 18777 --- [java-core-homework] [           main] j.LocalContainerEntityManagerFactoryBean : Initialized JPA EntityManagerFactory for persistence unit 'default'
2026-05-13T15:08:57.992+05:00  INFO 18777 --- [java-core-homework] [           main] u.k.homework.HomeworkServiceTest         : Started HomeworkServiceTest in 1.509 seconds (process running for 1.832)
]]></system-out>
    <system-err><![CDATA[Mockito is currently self-attaching to enable the inline-mock-maker. This will no longer work in future releases of the JDK. Please add Mockito as an agent to your build as described in Mockito's documentation: https://javadoc.io/doc/org.mockito/mockito-core/latest/org.mockito/org/mockito/Mockito.html#0.3
WARNING: A Java agent has been loaded dynamically (/Users/khakimjanovich/.m2/repository/net/bytebuddy/byte-buddy-agent/1.17.8/byte-buddy-agent-1.17.8.jar)
WARNING: If a serviceability tool is in use, please run with -XX:+EnableDynamicAgentLoading to hide this warning
WARNING: If a serviceability tool is not in use, please run with -Djdk.instrument.traceUsage for more information
WARNING: Dynamic loading of agents will be disallowed by default in a future release
]]></system-err>
  </testcase>
  <testcase name="registersUserGetsRandomQuestionAndStoresAnswerAttempt" classname="uz.khakimjanovich.homework.HomeworkServiceTest" time="0.013"/>
  <testcase name="checksOpenQuestionAnswer" classname="uz.khakimjanovich.homework.HomeworkServiceTest" time="0.005"/>
</testsuite>